Starting process: Module

Starting process: 

SCUBA, Version Diamond (64-bit) 3.11.3.469
Wed May 26 16:40:34 2021

Copyright (c) 1991-1994 by NeoCAD Inc. All rights reserved.
Copyright (c) 1995 AT&T Corp.   All rights reserved.
Copyright (c) 1995-2001 Lucent Technologies Inc.  All rights reserved.
Copyright (c) 2001 Agere Systems   All rights reserved.
Copyright (c) 2002-2020 Lattice Semiconductor Corporation,  All rights reserved.

BEGIN SCUBA Module Synthesis

    Issued command   : C:\lscc\diamond\3.11_x64\ispfpga\bin\nt64\scuba.exe -w -n P3038DM_PLL -lang vhdl -synth synplify -arch xo2c00 -type pll -fin 8 -fclkop 40 -fclkop_tol 0.0 -trimp 0 -phasep 0 -trimp_r -phase_cntl STATIC -fb_mode 1 -lock 
    Circuit name     : P3038DM_PLL
    Module type      : pll
    Module Version   : 5.7
    Ports            : 
	Inputs       : CLKI
	Outputs      : CLKOP, LOCK
    I/O buffer       : not inserted
    EDIF output      : P3038DM_PLL.edn
    VHDL output      : P3038DM_PLL.vhd
    VHDL template    : P3038DM_PLL_tmpl.vhd
    VHDL purpose     : for synthesis and simulation
    Bus notation     : big endian
    Report output    : P3038DM_PLL.srp
    Estimated Resource Usage:

END   SCUBA Module Synthesis

File: P3038DM_PLL.lpc created.


End process: completed successfully.


Total Warnings:  0

Total Errors:  0


