Starting process: module

Starting process: 

SCUBA, Version Diamond (64-bit) 3.12.1.454
Mon Apr 14 11:29:01 2025

Copyright (c) 1991-1994 by NeoCAD Inc. All rights reserved.
Copyright (c) 1995 AT&T Corp.   All rights reserved.
Copyright (c) 1995-2001 Lucent Technologies Inc.  All rights reserved.
Copyright (c) 2001 Agere Systems   All rights reserved.
Copyright (c) 2002-2020 Lattice Semiconductor Corporation,  All rights reserved.

BEGIN SCUBA Module Synthesis

    Issued command   : C:\lscc\diamond\3.12\ispfpga\bin\nt64\scuba.exe -w -n PWMAP -lang vhdl -synth synplify -bus_exp 7 -bb -arch xo2c00 -dram -type romblk -addr_width 8 -num_words 256 -data_width 8 -outdata UNREGISTERED -memfile c:/kevan/a3038/p3038dm/p3038dm_pwmap.mem -memformat hex 
    Circuit name     : PWMAP
    Module type      : rom
    Module Version   : 2.8
    Address width    : 8
    Data width       : 8
    Ports            : 
	Inputs       : Address[7:0]
	Outputs      : Q[7:0]
    I/O buffer       : not inserted
    Memory file      : c:/kevan/a3038/p3038dm/p3038dm_pwmap.mem
    EDIF output      : PWMAP.edn
    VHDL output      : PWMAP.vhd
    VHDL template    : PWMAP_tmpl.vhd
    VHDL testbench   : tb_PWMAP_tmpl.vhd
    VHDL purpose     : for synthesis and simulation
    Bus notation     : big endian
    Report output    : PWMAP.srp
    Estimated Resource Usage:
            LUT : 64

END   SCUBA Module Synthesis

File: PWMAP.lpc created.


End process: completed successfully.


Total Warnings:  0

Total Errors:  0


